<?xml version="1.0" encoding="UTF-8"?>
<coverage generated="1637202008912" clover="3.2.0">
  <project timestamp="1637202008912" name="All files">
    <metrics statements="88" coveredstatements="78" conditionals="16" coveredconditionals="10" methods="15" coveredmethods="13" elements="119" coveredelements="101" complexity="0" loc="88" ncloc="88" packages="3" files="6" classes="6"/>
    <package name="express-bookstore">
      <metrics statements="28" coveredstatements="25" conditionals="6" coveredconditionals="2" methods="3" coveredmethods="2"/>
      <file name="app.js" path="/home/tetyana/Springboard/Exercises/express-bookstore/app.js">
        <metrics statements="13" coveredstatements="11" conditionals="2" coveredconditionals="1" methods="2" coveredmethods="1"/>
        <line num="4" count="1" type="stmt"/>
        <line num="5" count="1" type="stmt"/>
        <line num="7" count="1" type="stmt"/>
        <line num="9" count="1" type="stmt"/>
        <line num="10" count="1" type="stmt"/>
        <line num="12" count="1" type="stmt"/>
        <line num="16" count="1" type="stmt"/>
        <line num="17" count="0" type="stmt"/>
        <line num="18" count="0" type="stmt"/>
        <line num="24" count="1" type="stmt"/>
        <line num="25" count="5" type="cond" truecount="1" falsecount="1"/>
        <line num="27" count="5" type="stmt"/>
        <line num="34" count="1" type="stmt"/>
      </file>
      <file name="config.js" path="/home/tetyana/Springboard/Exercises/express-bookstore/config.js">
        <metrics statements="5" coveredstatements="4" conditionals="4" coveredconditionals="1" methods="0" coveredmethods="0"/>
        <line num="4" count="1" type="stmt"/>
        <line num="6" count="1" type="cond" truecount="1" falsecount="1"/>
        <line num="7" count="1" type="stmt"/>
        <line num="9" count="0" type="cond" truecount="0" falsecount="2"/>
        <line num="13" count="1" type="stmt"/>
      </file>
      <file name="db.js" path="/home/tetyana/Springboard/Exercises/express-bookstore/db.js">
        <metrics statements="5" coveredstatements="5" conditionals="0" coveredconditionals="0" methods="0" coveredmethods="0"/>
        <line num="4" count="1" type="stmt"/>
        <line num="5" count="1" type="stmt"/>
        <line num="7" count="1" type="stmt"/>
        <line num="11" count="1" type="stmt"/>
        <line num="14" count="1" type="stmt"/>
      </file>
      <file name="expressError.js" path="/home/tetyana/Springboard/Exercises/express-bookstore/expressError.js">
        <metrics statements="5" coveredstatements="5" conditionals="0" coveredconditionals="0" methods="1" coveredmethods="1"/>
        <line num="9" count="3" type="stmt"/>
        <line num="10" count="3" type="stmt"/>
        <line num="11" count="3" type="stmt"/>
        <line num="12" count="3" type="stmt"/>
        <line num="17" count="1" type="stmt"/>
      </file>
    </package>
    <package name="express-bookstore.models">
      <metrics statements="17" coveredstatements="16" conditionals="6" coveredconditionals="5" methods="5" coveredmethods="5"/>
      <file name="book.js" path="/home/tetyana/Springboard/Exercises/express-bookstore/models/book.js">
        <metrics statements="17" coveredstatements="16" conditionals="6" coveredconditionals="5" methods="5" coveredmethods="5"/>
        <line num="1" count="1" type="stmt"/>
        <line num="14" count="2" type="stmt"/>
        <line num="26" count="2" type="cond" truecount="2" falsecount="0"/>
        <line num="27" count="1" type="stmt"/>
        <line num="30" count="1" type="stmt"/>
        <line num="41" count="1" type="stmt"/>
        <line num="53" count="1" type="stmt"/>
        <line num="65" count="13" type="stmt"/>
        <line num="96" count="13" type="stmt"/>
        <line num="108" count="3" type="stmt"/>
        <line num="138" count="3" type="cond" truecount="1" falsecount="1"/>
        <line num="139" count="0" type="stmt"/>
        <line num="142" count="3" type="stmt"/>
        <line num="148" count="2" type="stmt"/>
        <line num="154" count="2" type="cond" truecount="2" falsecount="0"/>
        <line num="155" count="1" type="stmt"/>
        <line num="161" count="1" type="stmt"/>
      </file>
    </package>
    <package name="express-bookstore.routes">
      <metrics statements="43" coveredstatements="37" conditionals="4" coveredconditionals="3" methods="7" coveredmethods="6"/>
      <file name="books.js" path="/home/tetyana/Springboard/Exercises/express-bookstore/routes/books.js">
        <metrics statements="43" coveredstatements="37" conditionals="4" coveredconditionals="3" methods="7" coveredmethods="6"/>
        <line num="1" count="1" type="stmt"/>
        <line num="2" count="1" type="stmt"/>
        <line num="4" count="1" type="stmt"/>
        <line num="6" count="1" type="stmt"/>
        <line num="7" count="1" type="stmt"/>
        <line num="8" count="1" type="stmt"/>
        <line num="9" count="1" type="stmt"/>
        <line num="13" count="1" type="stmt"/>
        <line num="14" count="1" type="stmt"/>
        <line num="15" count="1" type="stmt"/>
        <line num="16" count="1" type="stmt"/>
        <line num="18" count="0" type="stmt"/>
        <line num="24" count="1" type="stmt"/>
        <line num="25" count="2" type="stmt"/>
        <line num="26" count="2" type="stmt"/>
        <line num="27" count="1" type="stmt"/>
        <line num="29" count="1" type="stmt"/>
        <line num="35" count="1" type="stmt"/>
        <line num="36" count="4" type="stmt"/>
        <line num="37" count="4" type="stmt"/>
        <line num="38" count="4" type="cond" truecount="2" falsecount="0"/>
        <line num="39" count="3" type="stmt"/>
        <line num="40" count="3" type="stmt"/>
        <line num="41" count="3" type="stmt"/>
        <line num="43" count="1" type="stmt"/>
        <line num="44" count="1" type="stmt"/>
        <line num="46" count="0" type="stmt"/>
        <line num="52" count="1" type="stmt"/>
        <line num="53" count="3" type="stmt"/>
        <line num="54" count="3" type="stmt"/>
        <line num="55" count="3" type="cond" truecount="1" falsecount="1"/>
        <line num="56" count="0" type="stmt"/>
        <line num="57" count="0" type="stmt"/>
        <line num="58" count="0" type="stmt"/>
        <line num="60" count="3" type="stmt"/>
        <line num="61" count="3" type="stmt"/>
        <line num="63" count="0" type="stmt"/>
        <line num="69" count="1" type="stmt"/>
        <line num="70" count="2" type="stmt"/>
        <line num="71" count="2" type="stmt"/>
        <line num="72" count="1" type="stmt"/>
        <line num="74" count="1" type="stmt"/>
        <line num="78" count="1" type="stmt"/>
      </file>
    </package>
  </project>
</coverage>
